0 info it worked if it ends with ok
1 verbose cli [ 'C:\\Program Files (x86)\\Nodist\\v-x64\\8.15.0\\node.exe',
1 verbose cli   'C:\\Program Files (x86)\\Nodist\\npmv\\4.0.5\\bin\\npm-cli.js',
1 verbose cli   'run',
1 verbose cli   'dev' ]
2 info using npm@4.0.5
3 info using node@v8.15.0
4 verbose run-script [ 'predev', 'dev', 'postdev' ]
5 info lifecycle yfe-dtb@1.0.0~predev: yfe-dtb@1.0.0
6 warn lifecycle The node binary used for scripts is C:\Program Files (x86)\Nodist\bin\node.exe but npm is using C:\Program Files (x86)\Nodist\v-x64\8.15.0\node.exe itself. Use the `--scripts-prepend-node-path` option to include the path for the node binary npm was executed with.
7 silly lifecycle yfe-dtb@1.0.0~predev: no script for predev, continuing
8 info lifecycle yfe-dtb@1.0.0~dev: yfe-dtb@1.0.0
9 verbose lifecycle yfe-dtb@1.0.0~dev: unsafe-perm in lifecycle true
10 verbose lifecycle yfe-dtb@1.0.0~dev: PATH: C:\Program Files (x86)\Nodist\npmv\4.0.5\bin\node-gyp-bin;C:\Users\sora\Desktop\YFE_DTB\node_modules\.bin;C:\Program Files (x86)\Common Files\Oracle\Java\javapath;C:\ProgramData\Oracle\Java\javapath;C:\Program Files (x86)\Intel\iCLS Client\;C:\Program Files\Intel\iCLS Client\;C:\Windows\system32;C:\Windows;C:\Windows\System32\Wbem;C:\Windows\System32\WindowsPowerShell\v1.0\;C:\Program Files (x86)\Intel\Intel(R) Management Engine Components\DAL;C:\Program Files\Intel\Intel(R) Management Engine Components\DAL;C:\Program Files (x86)\Intel\Intel(R) Management Engine Components\IPT;C:\Program Files\Intel\Intel(R) Management Engine Components\IPT;C:\Program Files (x86)\NVIDIA Corporation\PhysX\Common;C:\Program Files\Microsoft SQL Server\130\Tools\Binn\;C:\Program Files\Microsoft SQL Server\120\Tools\Binn\;C:\Program Files (x86)\Windows Kits\10\Windows Performance Toolkit\;C:\Program Files\Java\jdk1.8.0_131\bin;C:\WINDOWS\system32;C:\WINDOWS;C:\WINDOWS\System32\Wbem;C:\WINDOWS\System32\WindowsPowerShell\v1.0\;C:\Program Files (x86)\Nodist\bin;C:\WINDOWS\System32\OpenSSH\;C:\Program Files\Intel\WiFi\bin\;C:\Program Files\Common Files\Intel\WirelessCommon\;%JAVA_HOME%\bin;C:\MinGW\bin;C:\Program Files\PostgreSQL\10\bin;C:\Program Files\Git\cmd;C:\php;C:\Users\sora\AppData\Local\Microsoft\WindowsApps;C:\Program Files\Microsoft VS Code\bin;C:¥MinGW¥bin;
11 verbose lifecycle yfe-dtb@1.0.0~dev: CWD: C:\Users\sora\Desktop\YFE_DTB
12 silly lifecycle yfe-dtb@1.0.0~dev: Args: [ '/d /s /c', 'parcel index.html' ]
13 silly lifecycle yfe-dtb@1.0.0~dev: Returned: code: 1  signal: null
14 info lifecycle yfe-dtb@1.0.0~dev: Failed to exec dev script
15 verbose stack Error: yfe-dtb@1.0.0 dev: `parcel index.html`
15 verbose stack Exit status 1
15 verbose stack     at EventEmitter.<anonymous> (C:\Program Files (x86)\Nodist\npmv\4.0.5\lib\utils\lifecycle.js:279:16)
15 verbose stack     at emitTwo (events.js:126:13)
15 verbose stack     at EventEmitter.emit (events.js:214:7)
15 verbose stack     at ChildProcess.<anonymous> (C:\Program Files (x86)\Nodist\npmv\4.0.5\lib\utils\spawn.js:40:14)
15 verbose stack     at emitTwo (events.js:126:13)
15 verbose stack     at ChildProcess.emit (events.js:214:7)
15 verbose stack     at maybeClose (internal/child_process.js:915:16)
15 verbose stack     at Process.ChildProcess._handle.onexit (internal/child_process.js:209:5)
16 verbose pkgid yfe-dtb@1.0.0
17 verbose cwd C:\Users\sora\Desktop\YFE_DTB
18 error Windows_NT 10.0.17134
19 error argv "C:\\Program Files (x86)\\Nodist\\v-x64\\8.15.0\\node.exe" "C:\\Program Files (x86)\\Nodist\\npmv\\4.0.5\\bin\\npm-cli.js" "run" "dev"
20 error node v8.15.0
21 error npm  v4.0.5
22 error code ELIFECYCLE
23 error yfe-dtb@1.0.0 dev: `parcel index.html`
23 error Exit status 1
24 error Failed at the yfe-dtb@1.0.0 dev script 'parcel index.html'.
24 error Make sure you have the latest version of node.js and npm installed.
24 error If you do, this is most likely a problem with the yfe-dtb package,
24 error not with npm itself.
24 error Tell the author that this fails on your system:
24 error     parcel index.html
24 error You can get information on how to open an issue for this project with:
24 error     npm bugs yfe-dtb
24 error Or if that isn't available, you can get their info via:
24 error     npm owner ls yfe-dtb
24 error There is likely additional logging output above.
25 verbose exit [ 1, true ]
